 WARN [2024-03-11 11:27:02,173] ({main} ZeppelinConfiguration.java[create]:117) - Failed to load configuration, proceeding with a default
 INFO [2024-03-11 11:27:02,189] ({main} ZeppelinConfiguration.java[create]:129) - Server Host: 0.0.0.0
 INFO [2024-03-11 11:27:02,189] ({main} ZeppelinConfiguration.java[create]:131) - Server Port: 8080
 INFO [2024-03-11 11:27:02,189] ({main} ZeppelinConfiguration.java[create]:135) - Context Path: /
 INFO [2024-03-11 11:27:02,191] ({main} ZeppelinConfiguration.java[create]:136) - Zeppelin Version: 0.8.0
 INFO [2024-03-11 11:27:02,200] ({main} Log.java[initialized]:186) - Logging initialized @158ms
 INFO [2024-03-11 11:27:02,232] ({main} ZeppelinServer.java[setupWebAppContext]:387) - ZeppelinServer Webapp path: /zeppelin/webapps
 INFO [2024-03-11 11:27:02,262] ({main} ZeppelinServer.java[main]:213) - Starting zeppelin server
 INFO [2024-03-11 11:27:02,264] ({main} Server.java[doStart]:327) - jetty-9.2.15.v20160210
 INFO [2024-03-11 11:27:03,111] ({main} StandardDescriptorProcessor.java[visitServlet]:297) - NO JSP Support for /, did not find org.eclipse.jetty.jsp.JettyJspServlet
 WARN [2024-03-11 11:27:03,131] ({main} ServletHolder.java[getNameOfJspClass]:923) - Unable to make identifier for jsp rest trying rest instead
 WARN [2024-03-11 11:27:03,286] ({main} ZeppelinConfiguration.java[getConfigFSDir]:527) - zeppelin.config.fs.dir is not specified, fall back to local conf directory zeppelin.conf.dir
 WARN [2024-03-11 11:27:03,286] ({main} ZeppelinConfiguration.java[getConfigFSDir]:527) - zeppelin.config.fs.dir is not specified, fall back to local conf directory zeppelin.conf.dir
 INFO [2024-03-11 11:27:03,321] ({main} InterpreterSettingManager.java[<init>]:163) - Using RecoveryStorage: org.apache.zeppelin.interpreter.recovery.NullRecoveryStorage
 INFO [2024-03-11 11:27:03,322] ({main} InterpreterSettingManager.java[<init>]:167) - Using LifecycleManager: org.apache.zeppelin.interpreter.lifecycle.NullLifecycleManager
 INFO [2024-03-11 11:27:03,335] ({main} InterpreterSettingManager.java[registerInterpreterSetting]:423) - Register InterpreterSettingTemplate: alluxio
 INFO [2024-03-11 11:27:03,337] ({main} InterpreterSettingManager.java[registerInterpreterSetting]:423) - Register InterpreterSettingTemplate: hbase
 WARN [2024-03-11 11:27:03,339] ({main} InterpreterSettingManager.java[init]:329) - No interpreter-setting.json found in /zeppelin/interpreter/lib
 INFO [2024-03-11 11:27:03,341] ({main} InterpreterSettingManager.java[registerInterpreterSetting]:423) - Register InterpreterSettingTemplate: bigquery
 INFO [2024-03-11 11:27:03,343] ({main} InterpreterSettingManager.java[registerInterpreterSetting]:423) - Register InterpreterSettingTemplate: angular
 INFO [2024-03-11 11:27:03,345] ({main} InterpreterSettingManager.java[registerInterpreterSetting]:423) - Register InterpreterSettingTemplate: ignite
 INFO [2024-03-11 11:27:03,347] ({main} InterpreterSettingManager.java[registerInterpreterSetting]:423) - Register InterpreterSettingTemplate: neo4j
 WARN [2024-03-11 11:27:03,382] ({main} InterpreterSettingManager.java[init]:329) - No interpreter-setting.json found in /zeppelin/interpreter/scio
 INFO [2024-03-11 11:27:03,385] ({main} InterpreterSettingManager.java[registerInterpreterSetting]:423) - Register InterpreterSettingTemplate: livy
 INFO [2024-03-11 11:27:03,386] ({main} InterpreterSettingManager.java[registerInterpreterSetting]:423) - Register InterpreterSettingTemplate: sap
 INFO [2024-03-11 11:27:03,387] ({main} InterpreterSettingManager.java[registerInterpreterSetting]:423) - Register InterpreterSettingTemplate: sh
 INFO [2024-03-11 11:27:03,388] ({main} InterpreterSettingManager.java[registerInterpreterSetting]:423) - Register InterpreterSettingTemplate: file
 INFO [2024-03-11 11:27:03,390] ({main} InterpreterSettingManager.java[registerInterpreterSetting]:423) - Register InterpreterSettingTemplate: pig
 INFO [2024-03-11 11:27:03,391] ({main} InterpreterSettingManager.java[registerInterpreterSetting]:423) - Register InterpreterSettingTemplate: flink
 INFO [2024-03-11 11:27:03,392] ({main} InterpreterSettingManager.java[registerInterpreterSetting]:423) - Register InterpreterSettingTemplate: groovy
 INFO [2024-03-11 11:27:03,394] ({main} InterpreterSettingManager.java[registerInterpreterSetting]:423) - Register InterpreterSettingTemplate: cassandra
 INFO [2024-03-11 11:27:03,395] ({main} InterpreterSettingManager.java[registerInterpreterSetting]:423) - Register InterpreterSettingTemplate: python
 WARN [2024-03-11 11:27:03,397] ({main} InterpreterSettingManager.java[init]:329) - No interpreter-setting.json found in /zeppelin/interpreter/${interpreter.name}
 INFO [2024-03-11 11:27:03,398] ({main} InterpreterSettingManager.java[registerInterpreterSetting]:423) - Register InterpreterSettingTemplate: lens
 INFO [2024-03-11 11:27:03,398] ({main} InterpreterSettingManager.java[registerInterpreterSetting]:423) - Register InterpreterSettingTemplate: kylin
 INFO [2024-03-11 11:27:03,399] ({main} InterpreterSettingManager.java[registerInterpreterSetting]:423) - Register InterpreterSettingTemplate: md
 INFO [2024-03-11 11:27:03,400] ({main} InterpreterSettingManager.java[registerInterpreterSetting]:423) - Register InterpreterSettingTemplate: jdbc
 INFO [2024-03-11 11:27:03,401] ({main} InterpreterSettingManager.java[registerInterpreterSetting]:423) - Register InterpreterSettingTemplate: spark
 INFO [2024-03-11 11:27:03,402] ({main} InterpreterSettingManager.java[registerInterpreterSetting]:423) - Register InterpreterSettingTemplate: elasticsearch
 WARN [2024-03-11 11:27:03,402] ({main} LocalConfigStorage.java[loadInterpreterSettings]:60) - Interpreter Setting file /zeppelin/conf/interpreter.json is not existed
 INFO [2024-03-11 11:27:03,414] ({main} LocalConfigStorage.java[save]:53) - Save Interpreter Setting to /zeppelin/conf/interpreter.json
 INFO [2024-03-11 11:27:03,478] ({main} VfsLog.java[info]:138) - Using "/tmp/vfs_cache" as temporary files store.
 INFO [2024-03-11 11:27:03,500] ({main} GitNotebookRepo.java[<init>]:64) - Opening a git repo at '/zeppelin/notebook'
 INFO [2024-03-11 11:27:03,539] ({main} GitNotebookRepo.java[<init>]:67) - Git repo /zeppelin/notebook/.git does not exist, creating a new one
 INFO [2024-03-11 11:27:03,561] ({main} NotebookRepoSync.java[<init>]:77) - Instantiate NotebookRepo: org.apache.zeppelin.notebook.repo.GitNotebookRepo
 WARN [2024-03-11 11:27:03,633] ({main} NotebookAuthorization.java[getInstance]:86) - Notebook authorization module was called without initialization, initializing with default configuration
 WARN [2024-03-11 11:27:03,634] ({main} LocalConfigStorage.java[loadNotebookAuthorization]:77) - NotebookAuthorization file /zeppelin/conf/notebook-authorization.json is not existed
 INFO [2024-03-11 11:27:03,634] ({main} Credentials.java[loadFromFile]:121) - /zeppelin/conf/credentials.json
 INFO [2024-03-11 11:27:03,650] ({main} StdSchedulerFactory.java[instantiate]:1184) - Using default implementation for ThreadExecutor
 INFO [2024-03-11 11:27:03,652] ({main} SimpleThreadPool.java[initialize]:268) - Job execution threads will use class loader of thread: main
 INFO [2024-03-11 11:27:03,659] ({main} SchedulerSignalerImpl.java[<init>]:61) - Initialized Scheduler Signaller of type: class org.quartz.core.SchedulerSignalerImpl
 INFO [2024-03-11 11:27:03,660] ({main} QuartzScheduler.java[<init>]:240) - Quartz Scheduler v.2.2.1 created.
 INFO [2024-03-11 11:27:03,660] ({main} RAMJobStore.java[initialize]:155) - RAMJobStore initialized.
 INFO [2024-03-11 11:27:03,661] ({main} QuartzScheduler.java[initialize]:305) - Scheduler meta-data: Quartz Scheduler (v2.2.1) 'DefaultQuartzScheduler' with instanceId 'NON_CLUSTERED'
  Scheduler class: 'org.quartz.core.QuartzScheduler' - running locally.
  NOT STARTED.
  Currently in standby mode.
  Number of jobs executed: 0
  Using thread pool 'org.quartz.simpl.SimpleThreadPool' - with 10 threads.
  Using job-store 'org.quartz.simpl.RAMJobStore' - which does not support persistence. and is not clustered.

 INFO [2024-03-11 11:27:03,661] ({main} StdSchedulerFactory.java[instantiate]:1339) - Quartz scheduler 'DefaultQuartzScheduler' initialized from default resource file in Quartz package: 'quartz.properties'
 INFO [2024-03-11 11:27:03,662] ({main} StdSchedulerFactory.java[instantiate]:1343) - Quartz scheduler version: 2.2.1
 INFO [2024-03-11 11:27:03,662] ({main} QuartzScheduler.java[start]:575) - Scheduler DefaultQuartzScheduler_$_NON_CLUSTERED started.
 INFO [2024-03-11 11:27:03,663] ({main} Notebook.java[<init>]:126) - Notebook indexing started...
 INFO [2024-03-11 11:27:03,669] ({main} LuceneSearch.java[addIndexDocs]:305) - Indexing 0 notebooks took 5ms
 INFO [2024-03-11 11:27:03,669] ({main} Notebook.java[<init>]:128) - Notebook indexing finished: 0 indexed in 0s
 INFO [2024-03-11 11:27:03,671] ({main} Helium.java[loadConf]:103) - Add helium local registry /zeppelin/helium
 INFO [2024-03-11 11:27:03,671] ({main} Helium.java[loadConf]:100) - Add helium online registry https://s3.amazonaws.com/helium-package/helium.json
 WARN [2024-03-11 11:27:03,673] ({main} Helium.java[loadConf]:111) - /zeppelin/conf/helium.json does not exists
ERROR [2024-03-11 11:27:04,665] ({main} HeliumOnlineRegistry.java[getAll]:86) - https://s3.amazonaws.com/helium-package/helium.json returned HTTP/1.1 403 Forbidden
 INFO [2024-03-11 11:27:04,988] ({main} ContextHandler.java[doStart]:744) - Started o.e.j.w.WebAppContext@76b10754{/,file:/zeppelin/webapps/webapp/,AVAILABLE}{/zeppelin/zeppelin-web-0.8.0.war}
 INFO [2024-03-11 11:27:04,992] ({main} AbstractConnector.java[doStart]:266) - Started ServerConnector@199bc830{HTTP/1.1}{0.0.0.0:8080}
 INFO [2024-03-11 11:27:04,993] ({main} Server.java[doStart]:379) - Started @2953ms
 INFO [2024-03-11 11:27:04,993] ({main} ZeppelinServer.java[main]:223) - Done, zeppelin server started
 INFO [2024-03-11 18:47:08,392] ({Thread-14} ZeppelinServer.java[run]:227) - Shutting down Zeppelin Server ... 
 INFO [2024-03-11 18:47:08,406] ({Thread-14} AbstractConnector.java[doStop]:306) - Stopped ServerConnector@199bc830{HTTP/1.1}{0.0.0.0:8080}
 INFO [2024-03-11 18:47:08,425] ({Thread-14} ContextHandler.java[doStop]:865) - Stopped o.e.j.w.WebAppContext@76b10754{/,file:/zeppelin/webapps/webapp/,UNAVAILABLE}{/zeppelin/zeppelin-web-0.8.0.war}
 INFO [2024-03-11 18:47:08,859] ({Thread-15} InterpreterSetting.java[close]:483) - Close InterpreterSetting: ignite
 INFO [2024-03-11 18:47:08,860] ({Thread-18} InterpreterSetting.java[close]:483) - Close InterpreterSetting: sap
 INFO [2024-03-11 18:47:08,860] ({Thread-19} InterpreterSetting.java[close]:483) - Close InterpreterSetting: python
 INFO [2024-03-11 18:47:08,860] ({Thread-16} InterpreterSetting.java[close]:483) - Close InterpreterSetting: ignite
 INFO [2024-03-11 18:47:08,859] ({Thread-17} InterpreterSetting.java[close]:483) - Close InterpreterSetting: python
 INFO [2024-03-11 18:47:08,862] ({Thread-30} InterpreterSetting.java[close]:483) - Close InterpreterSetting: angular
 INFO [2024-03-11 18:47:08,889] ({Thread-45} InterpreterSetting.java[close]:483) - Close InterpreterSetting: bigquery
 INFO [2024-03-11 18:47:08,861] ({Thread-31} InterpreterSetting.java[close]:483) - Close InterpreterSetting: livy
 INFO [2024-03-11 18:47:08,861] ({Thread-29} InterpreterSetting.java[close]:483) - Close InterpreterSetting: flink
 INFO [2024-03-11 18:47:08,861] ({Thread-28} InterpreterSetting.java[close]:483) - Close InterpreterSetting: angular
 INFO [2024-03-11 18:47:08,861] ({Thread-22} InterpreterSetting.java[close]:483) - Close InterpreterSetting: pig
 INFO [2024-03-11 18:47:08,861] ({Thread-27} InterpreterSetting.java[close]:483) - Close InterpreterSetting: flink
 INFO [2024-03-11 18:47:08,860] ({Thread-26} InterpreterSetting.java[close]:483) - Close InterpreterSetting: pig
 INFO [2024-03-11 18:47:08,860] ({Thread-25} InterpreterSetting.java[close]:483) - Close InterpreterSetting: lens
 INFO [2024-03-11 18:47:08,860] ({Thread-24} InterpreterSetting.java[close]:483) - Close InterpreterSetting: jdbc
 INFO [2024-03-11 18:47:08,860] ({Thread-23} InterpreterSetting.java[close]:483) - Close InterpreterSetting: sap
 INFO [2024-03-11 18:47:08,860] ({Thread-21} InterpreterSetting.java[close]:483) - Close InterpreterSetting: lens
 INFO [2024-03-11 18:47:08,860] ({Thread-20} InterpreterSetting.java[close]:483) - Close InterpreterSetting: jdbc
 INFO [2024-03-11 18:47:08,890] ({Thread-56} InterpreterSetting.java[close]:483) - Close InterpreterSetting: kylin
 INFO [2024-03-11 18:47:08,890] ({Thread-32} InterpreterSetting.java[close]:483) - Close InterpreterSetting: neo4j
 INFO [2024-03-11 18:47:08,890] ({Thread-40} InterpreterSetting.java[close]:483) - Close InterpreterSetting: sh
 INFO [2024-03-11 18:47:08,890] ({Thread-42} InterpreterSetting.java[close]:483) - Close InterpreterSetting: spark
 INFO [2024-03-11 18:47:08,890] ({Thread-55} InterpreterSetting.java[close]:483) - Close InterpreterSetting: hbase
 INFO [2024-03-11 18:47:08,890] ({Thread-34} InterpreterSetting.java[close]:483) - Close InterpreterSetting: groovy
 INFO [2024-03-11 18:47:08,890] ({Thread-54} InterpreterSetting.java[close]:483) - Close InterpreterSetting: bigquery
 INFO [2024-03-11 18:47:08,890] ({Thread-53} InterpreterSetting.java[close]:483) - Close InterpreterSetting: alluxio
 INFO [2024-03-11 18:47:08,890] ({Thread-52} InterpreterSetting.java[close]:483) - Close InterpreterSetting: md
 INFO [2024-03-11 18:47:08,890] ({Thread-51} InterpreterSetting.java[close]:483) - Close InterpreterSetting: spark
 INFO [2024-03-11 18:47:08,889] ({Thread-50} InterpreterSetting.java[close]:483) - Close InterpreterSetting: cassandra
 INFO [2024-03-11 18:47:08,889] ({Thread-47} InterpreterSetting.java[close]:483) - Close InterpreterSetting: kylin
 INFO [2024-03-11 18:47:08,889] ({Thread-49} InterpreterSetting.java[close]:483) - Close InterpreterSetting: sh
 INFO [2024-03-11 18:47:08,889] ({Thread-48} InterpreterSetting.java[close]:483) - Close InterpreterSetting: elasticsearch
 INFO [2024-03-11 18:47:08,889] ({Thread-41} InterpreterSetting.java[close]:483) - Close InterpreterSetting: cassandra
 INFO [2024-03-11 18:47:08,889] ({Thread-43} InterpreterSetting.java[close]:483) - Close InterpreterSetting: md
 INFO [2024-03-11 18:47:08,889] ({Thread-33} InterpreterSetting.java[close]:483) - Close InterpreterSetting: file
 INFO [2024-03-11 18:47:08,889] ({Thread-44} InterpreterSetting.java[close]:483) - Close InterpreterSetting: alluxio
 INFO [2024-03-11 18:47:08,889] ({Thread-46} InterpreterSetting.java[close]:483) - Close InterpreterSetting: hbase
 INFO [2024-03-11 18:47:08,889] ({Thread-39} InterpreterSetting.java[close]:483) - Close InterpreterSetting: elasticsearch
 INFO [2024-03-11 18:47:08,862] ({Thread-38} InterpreterSetting.java[close]:483) - Close InterpreterSetting: groovy
 INFO [2024-03-11 18:47:08,862] ({Thread-36} InterpreterSetting.java[close]:483) - Close InterpreterSetting: neo4j
 INFO [2024-03-11 18:47:08,862] ({Thread-37} InterpreterSetting.java[close]:483) - Close InterpreterSetting: file
 INFO [2024-03-11 18:47:08,862] ({Thread-35} InterpreterSetting.java[close]:483) - Close InterpreterSetting: livy
 INFO [2024-03-11 18:47:08,899] ({Thread-14} NotebookRepoSync.java[close]:428) - Closing all notebook storages
 INFO [2024-03-11 18:47:11,906] ({Thread-14} ZeppelinServer.java[run]:238) - Bye
 WARN [2024-03-11 18:47:12,385] ({main} ZeppelinConfiguration.java[create]:117) - Failed to load configuration, proceeding with a default
 INFO [2024-03-11 18:47:12,403] ({main} ZeppelinConfiguration.java[create]:129) - Server Host: 0.0.0.0
 INFO [2024-03-11 18:47:12,403] ({main} ZeppelinConfiguration.java[create]:131) - Server Port: 8080
 INFO [2024-03-11 18:47:12,404] ({main} ZeppelinConfiguration.java[create]:135) - Context Path: /
 INFO [2024-03-11 18:47:12,405] ({main} ZeppelinConfiguration.java[create]:136) - Zeppelin Version: 0.8.0
 INFO [2024-03-11 18:47:12,415] ({main} Log.java[initialized]:186) - Logging initialized @188ms
 INFO [2024-03-11 18:47:12,449] ({main} ZeppelinServer.java[setupWebAppContext]:387) - ZeppelinServer Webapp path: /zeppelin/webapps
 INFO [2024-03-11 18:47:12,485] ({main} ZeppelinServer.java[main]:213) - Starting zeppelin server
 INFO [2024-03-11 18:47:12,486] ({main} Server.java[doStart]:327) - jetty-9.2.15.v20160210
 INFO [2024-03-11 18:47:13,552] ({main} StandardDescriptorProcessor.java[visitServlet]:297) - NO JSP Support for /, did not find org.eclipse.jetty.jsp.JettyJspServlet
 WARN [2024-03-11 18:47:13,575] ({main} ServletHolder.java[getNameOfJspClass]:923) - Unable to make identifier for jsp rest trying rest instead
 WARN [2024-03-11 18:47:13,745] ({main} ZeppelinConfiguration.java[getConfigFSDir]:527) - zeppelin.config.fs.dir is not specified, fall back to local conf directory zeppelin.conf.dir
 WARN [2024-03-11 18:47:13,745] ({main} ZeppelinConfiguration.java[getConfigFSDir]:527) - zeppelin.config.fs.dir is not specified, fall back to local conf directory zeppelin.conf.dir
 INFO [2024-03-11 18:47:13,784] ({main} InterpreterSettingManager.java[<init>]:163) - Using RecoveryStorage: org.apache.zeppelin.interpreter.recovery.NullRecoveryStorage
 INFO [2024-03-11 18:47:13,785] ({main} InterpreterSettingManager.java[<init>]:167) - Using LifecycleManager: org.apache.zeppelin.interpreter.lifecycle.NullLifecycleManager
 INFO [2024-03-11 18:47:13,799] ({main} InterpreterSettingManager.java[registerInterpreterSetting]:423) - Register InterpreterSettingTemplate: alluxio
 INFO [2024-03-11 18:47:13,802] ({main} InterpreterSettingManager.java[registerInterpreterSetting]:423) - Register InterpreterSettingTemplate: hbase
 WARN [2024-03-11 18:47:13,804] ({main} InterpreterSettingManager.java[init]:329) - No interpreter-setting.json found in /zeppelin/interpreter/lib
 INFO [2024-03-11 18:47:13,806] ({main} InterpreterSettingManager.java[registerInterpreterSetting]:423) - Register InterpreterSettingTemplate: bigquery
 INFO [2024-03-11 18:47:13,807] ({main} InterpreterSettingManager.java[registerInterpreterSetting]:423) - Register InterpreterSettingTemplate: angular
 INFO [2024-03-11 18:47:13,809] ({main} InterpreterSettingManager.java[registerInterpreterSetting]:423) - Register InterpreterSettingTemplate: ignite
 INFO [2024-03-11 18:47:13,811] ({main} InterpreterSettingManager.java[registerInterpreterSetting]:423) - Register InterpreterSettingTemplate: neo4j
 WARN [2024-03-11 18:47:13,855] ({main} InterpreterSettingManager.java[init]:329) - No interpreter-setting.json found in /zeppelin/interpreter/scio
 INFO [2024-03-11 18:47:13,857] ({main} InterpreterSettingManager.java[registerInterpreterSetting]:423) - Register InterpreterSettingTemplate: livy
 INFO [2024-03-11 18:47:13,859] ({main} InterpreterSettingManager.java[registerInterpreterSetting]:423) - Register InterpreterSettingTemplate: sap
 INFO [2024-03-11 18:47:13,860] ({main} InterpreterSettingManager.java[registerInterpreterSetting]:423) - Register InterpreterSettingTemplate: sh
 INFO [2024-03-11 18:47:13,861] ({main} InterpreterSettingManager.java[registerInterpreterSetting]:423) - Register InterpreterSettingTemplate: file
 INFO [2024-03-11 18:47:13,862] ({main} InterpreterSettingManager.java[registerInterpreterSetting]:423) - Register InterpreterSettingTemplate: pig
 INFO [2024-03-11 18:47:13,863] ({main} InterpreterSettingManager.java[registerInterpreterSetting]:423) - Register InterpreterSettingTemplate: flink
 INFO [2024-03-11 18:47:13,864] ({main} InterpreterSettingManager.java[registerInterpreterSetting]:423) - Register InterpreterSettingTemplate: groovy
 INFO [2024-03-11 18:47:13,866] ({main} InterpreterSettingManager.java[registerInterpreterSetting]:423) - Register InterpreterSettingTemplate: cassandra
 INFO [2024-03-11 18:47:13,867] ({main} InterpreterSettingManager.java[registerInterpreterSetting]:423) - Register InterpreterSettingTemplate: python
 WARN [2024-03-11 18:47:13,869] ({main} InterpreterSettingManager.java[init]:329) - No interpreter-setting.json found in /zeppelin/interpreter/${interpreter.name}
 INFO [2024-03-11 18:47:13,870] ({main} InterpreterSettingManager.java[registerInterpreterSetting]:423) - Register InterpreterSettingTemplate: lens
 INFO [2024-03-11 18:47:13,871] ({main} InterpreterSettingManager.java[registerInterpreterSetting]:423) - Register InterpreterSettingTemplate: kylin
 INFO [2024-03-11 18:47:13,872] ({main} InterpreterSettingManager.java[registerInterpreterSetting]:423) - Register InterpreterSettingTemplate: md
 INFO [2024-03-11 18:47:13,873] ({main} InterpreterSettingManager.java[registerInterpreterSetting]:423) - Register InterpreterSettingTemplate: jdbc
 INFO [2024-03-11 18:47:13,874] ({main} InterpreterSettingManager.java[registerInterpreterSetting]:423) - Register InterpreterSettingTemplate: spark
 INFO [2024-03-11 18:47:13,875] ({main} InterpreterSettingManager.java[registerInterpreterSetting]:423) - Register InterpreterSettingTemplate: elasticsearch
 INFO [2024-03-11 18:47:13,875] ({main} LocalConfigStorage.java[loadInterpreterSettings]:63) - Load Interpreter Setting from file: /zeppelin/conf/interpreter.json
 INFO [2024-03-11 18:47:13,897] ({main} InterpreterSettingManager.java[loadFromFile]:277) - Create Interpreter Setting ignite from interpreter.json
 INFO [2024-03-11 18:47:13,897] ({main} InterpreterSettingManager.java[loadFromFile]:277) - Create Interpreter Setting python from interpreter.json
 INFO [2024-03-11 18:47:13,898] ({main} InterpreterSettingManager.java[loadFromFile]:277) - Create Interpreter Setting sap from interpreter.json
 INFO [2024-03-11 18:47:13,899] ({main} InterpreterSettingManager.java[loadFromFile]:277) - Create Interpreter Setting jdbc from interpreter.json
 INFO [2024-03-11 18:47:13,899] ({main} InterpreterSettingManager.java[loadFromFile]:277) - Create Interpreter Setting lens from interpreter.json
 INFO [2024-03-11 18:47:13,899] ({main} InterpreterSettingManager.java[loadFromFile]:277) - Create Interpreter Setting pig from interpreter.json
 INFO [2024-03-11 18:47:13,900] ({main} InterpreterSettingManager.java[loadFromFile]:277) - Create Interpreter Setting flink from interpreter.json
 INFO [2024-03-11 18:47:13,900] ({main} InterpreterSettingManager.java[loadFromFile]:277) - Create Interpreter Setting angular from interpreter.json
 INFO [2024-03-11 18:47:13,901] ({main} InterpreterSettingManager.java[loadFromFile]:277) - Create Interpreter Setting livy from interpreter.json
 INFO [2024-03-11 18:47:13,901] ({main} InterpreterSettingManager.java[loadFromFile]:277) - Create Interpreter Setting neo4j from interpreter.json
 INFO [2024-03-11 18:47:13,901] ({main} InterpreterSettingManager.java[loadFromFile]:277) - Create Interpreter Setting file from interpreter.json
 INFO [2024-03-11 18:47:13,902] ({main} InterpreterSettingManager.java[loadFromFile]:277) - Create Interpreter Setting groovy from interpreter.json
 INFO [2024-03-11 18:47:13,902] ({main} InterpreterSettingManager.java[loadFromFile]:277) - Create Interpreter Setting elasticsearch from interpreter.json
 INFO [2024-03-11 18:47:13,902] ({main} InterpreterSettingManager.java[loadFromFile]:277) - Create Interpreter Setting sh from interpreter.json
 INFO [2024-03-11 18:47:13,903] ({main} InterpreterSettingManager.java[loadFromFile]:277) - Create Interpreter Setting cassandra from interpreter.json
 INFO [2024-03-11 18:47:13,904] ({main} InterpreterSettingManager.java[loadFromFile]:277) - Create Interpreter Setting spark from interpreter.json
 INFO [2024-03-11 18:47:13,904] ({main} InterpreterSettingManager.java[loadFromFile]:277) - Create Interpreter Setting md from interpreter.json
 INFO [2024-03-11 18:47:13,904] ({main} InterpreterSettingManager.java[loadFromFile]:277) - Create Interpreter Setting alluxio from interpreter.json
 INFO [2024-03-11 18:47:13,904] ({main} InterpreterSettingManager.java[loadFromFile]:277) - Create Interpreter Setting bigquery from interpreter.json
 INFO [2024-03-11 18:47:13,905] ({main} InterpreterSettingManager.java[loadFromFile]:277) - Create Interpreter Setting hbase from interpreter.json
 INFO [2024-03-11 18:47:13,905] ({main} InterpreterSettingManager.java[loadFromFile]:277) - Create Interpreter Setting kylin from interpreter.json
 INFO [2024-03-11 18:47:13,913] ({main} LocalConfigStorage.java[save]:53) - Save Interpreter Setting to /zeppelin/conf/interpreter.json
 INFO [2024-03-11 18:47:13,975] ({main} VfsLog.java[info]:138) - Using "/tmp/vfs_cache" as temporary files store.
 INFO [2024-03-11 18:47:13,997] ({main} GitNotebookRepo.java[<init>]:64) - Opening a git repo at '/zeppelin/notebook'
 INFO [2024-03-11 18:47:14,032] ({main} NotebookRepoSync.java[<init>]:77) - Instantiate NotebookRepo: org.apache.zeppelin.notebook.repo.GitNotebookRepo
 WARN [2024-03-11 18:47:14,107] ({main} NotebookAuthorization.java[getInstance]:86) - Notebook authorization module was called without initialization, initializing with default configuration
 WARN [2024-03-11 18:47:14,107] ({main} LocalConfigStorage.java[loadNotebookAuthorization]:77) - NotebookAuthorization file /zeppelin/conf/notebook-authorization.json is not existed
 INFO [2024-03-11 18:47:14,108] ({main} Credentials.java[loadFromFile]:121) - /zeppelin/conf/credentials.json
 INFO [2024-03-11 18:47:14,124] ({main} StdSchedulerFactory.java[instantiate]:1184) - Using default implementation for ThreadExecutor
 INFO [2024-03-11 18:47:14,126] ({main} SimpleThreadPool.java[initialize]:268) - Job execution threads will use class loader of thread: main
 INFO [2024-03-11 18:47:14,134] ({main} SchedulerSignalerImpl.java[<init>]:61) - Initialized Scheduler Signaller of type: class org.quartz.core.SchedulerSignalerImpl
 INFO [2024-03-11 18:47:14,135] ({main} QuartzScheduler.java[<init>]:240) - Quartz Scheduler v.2.2.1 created.
 INFO [2024-03-11 18:47:14,136] ({main} RAMJobStore.java[initialize]:155) - RAMJobStore initialized.
 INFO [2024-03-11 18:47:14,136] ({main} QuartzScheduler.java[initialize]:305) - Scheduler meta-data: Quartz Scheduler (v2.2.1) 'DefaultQuartzScheduler' with instanceId 'NON_CLUSTERED'
  Scheduler class: 'org.quartz.core.QuartzScheduler' - running locally.
  NOT STARTED.
  Currently in standby mode.
  Number of jobs executed: 0
  Using thread pool 'org.quartz.simpl.SimpleThreadPool' - with 10 threads.
  Using job-store 'org.quartz.simpl.RAMJobStore' - which does not support persistence. and is not clustered.

 INFO [2024-03-11 18:47:14,136] ({main} StdSchedulerFactory.java[instantiate]:1339) - Quartz scheduler 'DefaultQuartzScheduler' initialized from default resource file in Quartz package: 'quartz.properties'
 INFO [2024-03-11 18:47:14,137] ({main} StdSchedulerFactory.java[instantiate]:1343) - Quartz scheduler version: 2.2.1
 INFO [2024-03-11 18:47:14,137] ({main} QuartzScheduler.java[start]:575) - Scheduler DefaultQuartzScheduler_$_NON_CLUSTERED started.
 INFO [2024-03-11 18:47:14,139] ({main} Notebook.java[<init>]:126) - Notebook indexing started...
 INFO [2024-03-11 18:47:14,145] ({main} LuceneSearch.java[addIndexDocs]:305) - Indexing 0 notebooks took 6ms
 INFO [2024-03-11 18:47:14,146] ({main} Notebook.java[<init>]:128) - Notebook indexing finished: 0 indexed in 0s
 INFO [2024-03-11 18:47:14,147] ({main} Helium.java[loadConf]:103) - Add helium local registry /zeppelin/helium
 INFO [2024-03-11 18:47:14,147] ({main} Helium.java[loadConf]:100) - Add helium online registry https://s3.amazonaws.com/helium-package/helium.json
 WARN [2024-03-11 18:47:14,149] ({main} Helium.java[loadConf]:111) - /zeppelin/conf/helium.json does not exists
ERROR [2024-03-11 18:47:15,236] ({main} HeliumOnlineRegistry.java[getAll]:86) - https://s3.amazonaws.com/helium-package/helium.json returned HTTP/1.1 403 Forbidden
 INFO [2024-03-11 18:47:15,560] ({main} ContextHandler.java[doStart]:744) - Started o.e.j.w.WebAppContext@76b10754{/,file:/zeppelin/webapps/webapp/,AVAILABLE}{/zeppelin/zeppelin-web-0.8.0.war}
 INFO [2024-03-11 18:47:15,565] ({main} AbstractConnector.java[doStart]:266) - Started ServerConnector@2903c6ff{HTTP/1.1}{0.0.0.0:8080}
 INFO [2024-03-11 18:47:15,566] ({main} Server.java[doStart]:379) - Started @3341ms
 INFO [2024-03-11 18:47:15,566] ({main} ZeppelinServer.java[main]:223) - Done, zeppelin server started
 INFO [2024-03-11 18:47:34,611] ({Thread-35} ZeppelinServer.java[run]:227) - Shutting down Zeppelin Server ... 
 INFO [2024-03-11 18:47:34,616] ({Thread-35} AbstractConnector.java[doStop]:306) - Stopped ServerConnector@2903c6ff{HTTP/1.1}{0.0.0.0:8080}
 INFO [2024-03-11 18:47:34,623] ({Thread-35} ContextHandler.java[doStop]:865) - Stopped o.e.j.w.WebAppContext@76b10754{/,file:/zeppelin/webapps/webapp/,UNAVAILABLE}{/zeppelin/zeppelin-web-0.8.0.war}
 INFO [2024-03-11 18:47:34,932] ({Thread-37} InterpreterSetting.java[close]:483) - Close InterpreterSetting: ignite
 INFO [2024-03-11 18:47:34,933] ({Thread-42} InterpreterSetting.java[close]:483) - Close InterpreterSetting: jdbc
 INFO [2024-03-11 18:47:34,933] ({Thread-39} InterpreterSetting.java[close]:483) - Close InterpreterSetting: sap
 INFO [2024-03-11 18:47:34,934] ({Thread-48} InterpreterSetting.java[close]:483) - Close InterpreterSetting: angular
 INFO [2024-03-11 18:47:34,933] ({Thread-41} InterpreterSetting.java[close]:483) - Close InterpreterSetting: sap
 INFO [2024-03-11 18:47:34,933] ({Thread-40} InterpreterSetting.java[close]:483) - Close InterpreterSetting: python
 INFO [2024-03-11 18:47:34,936] ({Thread-54} InterpreterSetting.java[close]:483) - Close InterpreterSetting: sh
 INFO [2024-03-11 18:47:34,932] ({Thread-36} InterpreterSetting.java[close]:483) - Close InterpreterSetting: ignite
 INFO [2024-03-11 18:47:34,932] ({Thread-38} InterpreterSetting.java[close]:483) - Close InterpreterSetting: python
 INFO [2024-03-11 18:47:34,937] ({Thread-59} InterpreterSetting.java[close]:483) - Close InterpreterSetting: md
 INFO [2024-03-11 18:47:34,937] ({Thread-56} InterpreterSetting.java[close]:483) - Close InterpreterSetting: spark
 INFO [2024-03-11 18:47:34,937] ({Thread-55} InterpreterSetting.java[close]:483) - Close InterpreterSetting: cassandra
 INFO [2024-03-11 18:47:34,937] ({Thread-57} InterpreterSetting.java[close]:483) - Close InterpreterSetting: pig
 INFO [2024-03-11 18:47:34,937] ({Thread-45} InterpreterSetting.java[close]:483) - Close InterpreterSetting: lens
 INFO [2024-03-11 18:47:34,936] ({Thread-53} InterpreterSetting.java[close]:483) - Close InterpreterSetting: elasticsearch
 INFO [2024-03-11 18:47:34,936] ({Thread-52} InterpreterSetting.java[close]:483) - Close InterpreterSetting: groovy
 INFO [2024-03-11 18:47:34,935] ({Thread-51} InterpreterSetting.java[close]:483) - Close InterpreterSetting: file
 INFO [2024-03-11 18:47:34,935] ({Thread-50} InterpreterSetting.java[close]:483) - Close InterpreterSetting: neo4j
 INFO [2024-03-11 18:47:34,935] ({Thread-49} InterpreterSetting.java[close]:483) - Close InterpreterSetting: livy
 INFO [2024-03-11 18:47:34,933] ({Thread-43} InterpreterSetting.java[close]:483) - Close InterpreterSetting: jdbc
 INFO [2024-03-11 18:47:34,933] ({Thread-47} InterpreterSetting.java[close]:483) - Close InterpreterSetting: flink
 INFO [2024-03-11 18:47:34,933] ({Thread-46} InterpreterSetting.java[close]:483) - Close InterpreterSetting: pig
 INFO [2024-03-11 18:47:34,933] ({Thread-44} InterpreterSetting.java[close]:483) - Close InterpreterSetting: lens
 INFO [2024-03-11 18:47:34,939] ({Thread-63} InterpreterSetting.java[close]:483) - Close InterpreterSetting: livy
 INFO [2024-03-11 18:47:34,938] ({Thread-65} InterpreterSetting.java[close]:483) - Close InterpreterSetting: kylin
 INFO [2024-03-11 18:47:34,938] ({Thread-64} InterpreterSetting.java[close]:483) - Close InterpreterSetting: hbase
 INFO [2024-03-11 18:47:34,938] ({Thread-61} InterpreterSetting.java[close]:483) - Close InterpreterSetting: angular
 INFO [2024-03-11 18:47:34,938] ({Thread-62} InterpreterSetting.java[close]:483) - Close InterpreterSetting: bigquery
 INFO [2024-03-11 18:47:34,938] ({Thread-60} InterpreterSetting.java[close]:483) - Close InterpreterSetting: alluxio
 INFO [2024-03-11 18:47:34,938] ({Thread-58} InterpreterSetting.java[close]:483) - Close InterpreterSetting: flink
 INFO [2024-03-11 18:47:34,949] ({Thread-77} InterpreterSetting.java[close]:483) - Close InterpreterSetting: kylin
 INFO [2024-03-11 18:47:34,949] ({Thread-76} InterpreterSetting.java[close]:483) - Close InterpreterSetting: hbase
 INFO [2024-03-11 18:47:34,949] ({Thread-35} NotebookRepoSync.java[close]:428) - Closing all notebook storages
 INFO [2024-03-11 18:47:34,949] ({Thread-75} InterpreterSetting.java[close]:483) - Close InterpreterSetting: bigquery
 INFO [2024-03-11 18:47:34,948] ({Thread-74} InterpreterSetting.java[close]:483) - Close InterpreterSetting: alluxio
 INFO [2024-03-11 18:47:34,948] ({Thread-73} InterpreterSetting.java[close]:483) - Close InterpreterSetting: md
 INFO [2024-03-11 18:47:34,948] ({Thread-72} InterpreterSetting.java[close]:483) - Close InterpreterSetting: spark
 INFO [2024-03-11 18:47:34,947] ({Thread-71} InterpreterSetting.java[close]:483) - Close InterpreterSetting: cassandra
 INFO [2024-03-11 18:47:34,947] ({Thread-67} InterpreterSetting.java[close]:483) - Close InterpreterSetting: file
 INFO [2024-03-11 18:47:34,947] ({Thread-68} InterpreterSetting.java[close]:483) - Close InterpreterSetting: groovy
 INFO [2024-03-11 18:47:34,947] ({Thread-69} InterpreterSetting.java[close]:483) - Close InterpreterSetting: elasticsearch
 INFO [2024-03-11 18:47:34,947] ({Thread-66} InterpreterSetting.java[close]:483) - Close InterpreterSetting: neo4j
 INFO [2024-03-11 18:47:34,947] ({Thread-70} InterpreterSetting.java[close]:483) - Close InterpreterSetting: sh
 INFO [2024-03-11 18:47:37,957] ({Thread-35} ZeppelinServer.java[run]:238) - Bye
