 WARN [2024-03-11 18:47:38,459] ({main} ZeppelinConfiguration.java[create]:117) - Failed to load configuration, proceeding with a default
 INFO [2024-03-11 18:47:38,477] ({main} ZeppelinConfiguration.java[create]:129) - Server Host: 0.0.0.0
 INFO [2024-03-11 18:47:38,477] ({main} ZeppelinConfiguration.java[create]:131) - Server Port: 8080
 INFO [2024-03-11 18:47:38,477] ({main} ZeppelinConfiguration.java[create]:135) - Context Path: /
 INFO [2024-03-11 18:47:38,479] ({main} ZeppelinConfiguration.java[create]:136) - Zeppelin Version: 0.8.0
 INFO [2024-03-11 18:47:38,488] ({main} Log.java[initialized]:186) - Logging initialized @165ms
 INFO [2024-03-11 18:47:38,522] ({main} ZeppelinServer.java[setupWebAppContext]:387) - ZeppelinServer Webapp path: /zeppelin/webapps
 INFO [2024-03-11 18:47:38,552] ({main} ZeppelinServer.java[main]:213) - Starting zeppelin server
 INFO [2024-03-11 18:47:38,554] ({main} Server.java[doStart]:327) - jetty-9.2.15.v20160210
 INFO [2024-03-11 18:47:39,404] ({main} StandardDescriptorProcessor.java[visitServlet]:297) - NO JSP Support for /, did not find org.eclipse.jetty.jsp.JettyJspServlet
 WARN [2024-03-11 18:47:39,424] ({main} ServletHolder.java[getNameOfJspClass]:923) - Unable to make identifier for jsp rest trying rest instead
 WARN [2024-03-11 18:47:39,578] ({main} ZeppelinConfiguration.java[getConfigFSDir]:527) - zeppelin.config.fs.dir is not specified, fall back to local conf directory zeppelin.conf.dir
 WARN [2024-03-11 18:47:39,579] ({main} ZeppelinConfiguration.java[getConfigFSDir]:527) - zeppelin.config.fs.dir is not specified, fall back to local conf directory zeppelin.conf.dir
 INFO [2024-03-11 18:47:39,614] ({main} InterpreterSettingManager.java[<init>]:163) - Using RecoveryStorage: org.apache.zeppelin.interpreter.recovery.NullRecoveryStorage
 INFO [2024-03-11 18:47:39,615] ({main} InterpreterSettingManager.java[<init>]:167) - Using LifecycleManager: org.apache.zeppelin.interpreter.lifecycle.NullLifecycleManager
 INFO [2024-03-11 18:47:39,628] ({main} InterpreterSettingManager.java[registerInterpreterSetting]:423) - Register InterpreterSettingTemplate: alluxio
 INFO [2024-03-11 18:47:39,632] ({main} InterpreterSettingManager.java[registerInterpreterSetting]:423) - Register InterpreterSettingTemplate: hbase
 WARN [2024-03-11 18:47:39,634] ({main} InterpreterSettingManager.java[init]:329) - No interpreter-setting.json found in /zeppelin/interpreter/lib
 INFO [2024-03-11 18:47:39,636] ({main} InterpreterSettingManager.java[registerInterpreterSetting]:423) - Register InterpreterSettingTemplate: bigquery
 INFO [2024-03-11 18:47:39,638] ({main} InterpreterSettingManager.java[registerInterpreterSetting]:423) - Register InterpreterSettingTemplate: angular
 INFO [2024-03-11 18:47:39,640] ({main} InterpreterSettingManager.java[registerInterpreterSetting]:423) - Register InterpreterSettingTemplate: ignite
 INFO [2024-03-11 18:47:39,643] ({main} InterpreterSettingManager.java[registerInterpreterSetting]:423) - Register InterpreterSettingTemplate: neo4j
 WARN [2024-03-11 18:47:39,675] ({main} InterpreterSettingManager.java[init]:329) - No interpreter-setting.json found in /zeppelin/interpreter/scio
 INFO [2024-03-11 18:47:39,677] ({main} InterpreterSettingManager.java[registerInterpreterSetting]:423) - Register InterpreterSettingTemplate: livy
 INFO [2024-03-11 18:47:39,679] ({main} InterpreterSettingManager.java[registerInterpreterSetting]:423) - Register InterpreterSettingTemplate: sap
 INFO [2024-03-11 18:47:39,680] ({main} InterpreterSettingManager.java[registerInterpreterSetting]:423) - Register InterpreterSettingTemplate: sh
 INFO [2024-03-11 18:47:39,681] ({main} InterpreterSettingManager.java[registerInterpreterSetting]:423) - Register InterpreterSettingTemplate: file
 INFO [2024-03-11 18:47:39,682] ({main} InterpreterSettingManager.java[registerInterpreterSetting]:423) - Register InterpreterSettingTemplate: pig
 INFO [2024-03-11 18:47:39,683] ({main} InterpreterSettingManager.java[registerInterpreterSetting]:423) - Register InterpreterSettingTemplate: flink
 INFO [2024-03-11 18:47:39,684] ({main} InterpreterSettingManager.java[registerInterpreterSetting]:423) - Register InterpreterSettingTemplate: groovy
 INFO [2024-03-11 18:47:39,686] ({main} InterpreterSettingManager.java[registerInterpreterSetting]:423) - Register InterpreterSettingTemplate: cassandra
 INFO [2024-03-11 18:47:39,687] ({main} InterpreterSettingManager.java[registerInterpreterSetting]:423) - Register InterpreterSettingTemplate: python
 WARN [2024-03-11 18:47:39,689] ({main} InterpreterSettingManager.java[init]:329) - No interpreter-setting.json found in /zeppelin/interpreter/${interpreter.name}
 INFO [2024-03-11 18:47:39,690] ({main} InterpreterSettingManager.java[registerInterpreterSetting]:423) - Register InterpreterSettingTemplate: lens
 INFO [2024-03-11 18:47:39,691] ({main} InterpreterSettingManager.java[registerInterpreterSetting]:423) - Register InterpreterSettingTemplate: kylin
 INFO [2024-03-11 18:47:39,692] ({main} InterpreterSettingManager.java[registerInterpreterSetting]:423) - Register InterpreterSettingTemplate: md
 INFO [2024-03-11 18:47:39,693] ({main} InterpreterSettingManager.java[registerInterpreterSetting]:423) - Register InterpreterSettingTemplate: jdbc
 INFO [2024-03-11 18:47:39,694] ({main} InterpreterSettingManager.java[registerInterpreterSetting]:423) - Register InterpreterSettingTemplate: spark
 INFO [2024-03-11 18:47:39,695] ({main} InterpreterSettingManager.java[registerInterpreterSetting]:423) - Register InterpreterSettingTemplate: elasticsearch
 WARN [2024-03-11 18:47:39,696] ({main} LocalConfigStorage.java[loadInterpreterSettings]:60) - Interpreter Setting file /zeppelin/conf/interpreter.json is not existed
 INFO [2024-03-11 18:47:39,707] ({main} LocalConfigStorage.java[save]:53) - Save Interpreter Setting to /zeppelin/conf/interpreter.json
 INFO [2024-03-11 18:47:39,772] ({main} VfsLog.java[info]:138) - Using "/tmp/vfs_cache" as temporary files store.
 INFO [2024-03-11 18:47:39,794] ({main} GitNotebookRepo.java[<init>]:64) - Opening a git repo at '/zeppelin/notebook'
 INFO [2024-03-11 18:47:39,838] ({main} NotebookRepoSync.java[<init>]:77) - Instantiate NotebookRepo: org.apache.zeppelin.notebook.repo.GitNotebookRepo
 WARN [2024-03-11 18:47:39,916] ({main} NotebookAuthorization.java[getInstance]:86) - Notebook authorization module was called without initialization, initializing with default configuration
 WARN [2024-03-11 18:47:39,916] ({main} LocalConfigStorage.java[loadNotebookAuthorization]:77) - NotebookAuthorization file /zeppelin/conf/notebook-authorization.json is not existed
 INFO [2024-03-11 18:47:39,917] ({main} Credentials.java[loadFromFile]:121) - /zeppelin/conf/credentials.json
 INFO [2024-03-11 18:47:39,934] ({main} StdSchedulerFactory.java[instantiate]:1184) - Using default implementation for ThreadExecutor
 INFO [2024-03-11 18:47:39,938] ({main} SimpleThreadPool.java[initialize]:268) - Job execution threads will use class loader of thread: main
 INFO [2024-03-11 18:47:39,945] ({main} SchedulerSignalerImpl.java[<init>]:61) - Initialized Scheduler Signaller of type: class org.quartz.core.SchedulerSignalerImpl
 INFO [2024-03-11 18:47:39,946] ({main} QuartzScheduler.java[<init>]:240) - Quartz Scheduler v.2.2.1 created.
 INFO [2024-03-11 18:47:39,946] ({main} RAMJobStore.java[initialize]:155) - RAMJobStore initialized.
 INFO [2024-03-11 18:47:39,947] ({main} QuartzScheduler.java[initialize]:305) - Scheduler meta-data: Quartz Scheduler (v2.2.1) 'DefaultQuartzScheduler' with instanceId 'NON_CLUSTERED'
  Scheduler class: 'org.quartz.core.QuartzScheduler' - running locally.
  NOT STARTED.
  Currently in standby mode.
  Number of jobs executed: 0
  Using thread pool 'org.quartz.simpl.SimpleThreadPool' - with 10 threads.
  Using job-store 'org.quartz.simpl.RAMJobStore' - which does not support persistence. and is not clustered.

 INFO [2024-03-11 18:47:39,947] ({main} StdSchedulerFactory.java[instantiate]:1339) - Quartz scheduler 'DefaultQuartzScheduler' initialized from default resource file in Quartz package: 'quartz.properties'
 INFO [2024-03-11 18:47:39,947] ({main} StdSchedulerFactory.java[instantiate]:1343) - Quartz scheduler version: 2.2.1
 INFO [2024-03-11 18:47:39,947] ({main} QuartzScheduler.java[start]:575) - Scheduler DefaultQuartzScheduler_$_NON_CLUSTERED started.
 INFO [2024-03-11 18:47:39,949] ({main} Notebook.java[<init>]:126) - Notebook indexing started...
 INFO [2024-03-11 18:47:39,955] ({main} LuceneSearch.java[addIndexDocs]:305) - Indexing 0 notebooks took 6ms
 INFO [2024-03-11 18:47:39,956] ({main} Notebook.java[<init>]:128) - Notebook indexing finished: 0 indexed in 0s
 INFO [2024-03-11 18:47:39,957] ({main} Helium.java[loadConf]:103) - Add helium local registry /zeppelin/helium
 INFO [2024-03-11 18:47:39,957] ({main} Helium.java[loadConf]:100) - Add helium online registry https://s3.amazonaws.com/helium-package/helium.json
 WARN [2024-03-11 18:47:39,958] ({main} Helium.java[loadConf]:111) - /zeppelin/conf/helium.json does not exists
ERROR [2024-03-11 18:47:40,916] ({main} HeliumOnlineRegistry.java[getAll]:86) - https://s3.amazonaws.com/helium-package/helium.json returned HTTP/1.1 403 Forbidden
 INFO [2024-03-11 18:47:41,252] ({main} ContextHandler.java[doStart]:744) - Started o.e.j.w.WebAppContext@76b10754{/,file:/zeppelin/webapps/webapp/,AVAILABLE}{/zeppelin/zeppelin-web-0.8.0.war}
 INFO [2024-03-11 18:47:41,257] ({main} AbstractConnector.java[doStart]:266) - Started ServerConnector@e9dc4d0{HTTP/1.1}{0.0.0.0:8080}
 INFO [2024-03-11 18:47:41,258] ({main} Server.java[doStart]:379) - Started @2937ms
 INFO [2024-03-11 18:47:41,258] ({main} ZeppelinServer.java[main]:223) - Done, zeppelin server started
 INFO [2024-03-11 18:54:09,603] ({Thread-14} ZeppelinServer.java[run]:227) - Shutting down Zeppelin Server ... 
 INFO [2024-03-11 18:54:09,614] ({Thread-14} AbstractConnector.java[doStop]:306) - Stopped ServerConnector@e9dc4d0{HTTP/1.1}{0.0.0.0:8080}
 INFO [2024-03-11 18:54:09,637] ({Thread-14} ContextHandler.java[doStop]:865) - Stopped o.e.j.w.WebAppContext@76b10754{/,file:/zeppelin/webapps/webapp/,UNAVAILABLE}{/zeppelin/zeppelin-web-0.8.0.war}
 INFO [2024-03-11 18:54:10,137] ({Thread-16} InterpreterSetting.java[close]:483) - Close InterpreterSetting: ignite
 INFO [2024-03-11 18:54:10,138] ({Thread-20} InterpreterSetting.java[close]:483) - Close InterpreterSetting: sap
 INFO [2024-03-11 18:54:10,138] ({Thread-17} InterpreterSetting.java[close]:483) - Close InterpreterSetting: python
 INFO [2024-03-11 18:54:10,138] ({Thread-18} InterpreterSetting.java[close]:483) - Close InterpreterSetting: python
 INFO [2024-03-11 18:54:10,137] ({Thread-15} InterpreterSetting.java[close]:483) - Close InterpreterSetting: ignite
 INFO [2024-03-11 18:54:10,141] ({Thread-33} InterpreterSetting.java[close]:483) - Close InterpreterSetting: sh
 INFO [2024-03-11 18:54:10,141] ({Thread-32} InterpreterSetting.java[close]:483) - Close InterpreterSetting: elasticsearch
 INFO [2024-03-11 18:54:10,140] ({Thread-31} InterpreterSetting.java[close]:483) - Close InterpreterSetting: groovy
 INFO [2024-03-11 18:54:10,142] ({Thread-21} InterpreterSetting.java[close]:483) - Close InterpreterSetting: jdbc
 INFO [2024-03-11 18:54:10,140] ({Thread-30} InterpreterSetting.java[close]:483) - Close InterpreterSetting: file
 INFO [2024-03-11 18:54:10,139] ({Thread-29} InterpreterSetting.java[close]:483) - Close InterpreterSetting: neo4j
 INFO [2024-03-11 18:54:10,139] ({Thread-27} InterpreterSetting.java[close]:483) - Close InterpreterSetting: livy
 INFO [2024-03-11 18:54:10,138] ({Thread-26} InterpreterSetting.java[close]:483) - Close InterpreterSetting: angular
 INFO [2024-03-11 18:54:10,138] ({Thread-25} InterpreterSetting.java[close]:483) - Close InterpreterSetting: flink
 INFO [2024-03-11 18:54:10,138] ({Thread-24} InterpreterSetting.java[close]:483) - Close InterpreterSetting: pig
 INFO [2024-03-11 18:54:10,138] ({Thread-23} InterpreterSetting.java[close]:483) - Close InterpreterSetting: lens
 INFO [2024-03-11 18:54:10,138] ({Thread-22} InterpreterSetting.java[close]:483) - Close InterpreterSetting: jdbc
 INFO [2024-03-11 18:54:10,138] ({Thread-19} InterpreterSetting.java[close]:483) - Close InterpreterSetting: sap
 INFO [2024-03-11 18:54:10,145] ({Thread-38} InterpreterSetting.java[close]:483) - Close InterpreterSetting: flink
 INFO [2024-03-11 18:54:10,145] ({Thread-35} InterpreterSetting.java[close]:483) - Close InterpreterSetting: spark
 INFO [2024-03-11 18:54:10,147] ({Thread-41} InterpreterSetting.java[close]:483) - Close InterpreterSetting: bigquery
 INFO [2024-03-11 18:54:10,145] ({Thread-37} InterpreterSetting.java[close]:483) - Close InterpreterSetting: pig
 INFO [2024-03-11 18:54:10,145] ({Thread-28} InterpreterSetting.java[close]:483) - Close InterpreterSetting: lens
 INFO [2024-03-11 18:54:10,143] ({Thread-34} InterpreterSetting.java[close]:483) - Close InterpreterSetting: cassandra
 INFO [2024-03-11 18:54:10,149] ({Thread-45} InterpreterSetting.java[close]:483) - Close InterpreterSetting: neo4j
 INFO [2024-03-11 18:54:10,177] ({Thread-46} InterpreterSetting.java[close]:483) - Close InterpreterSetting: file
 INFO [2024-03-11 18:54:10,149] ({Thread-44} InterpreterSetting.java[close]:483) - Close InterpreterSetting: livy
 INFO [2024-03-11 18:54:10,178] ({Thread-53} InterpreterSetting.java[close]:483) - Close InterpreterSetting: alluxio
 INFO [2024-03-11 18:54:10,149] ({Thread-39} InterpreterSetting.java[close]:483) - Close InterpreterSetting: angular
 INFO [2024-03-11 18:54:10,148] ({Thread-43} InterpreterSetting.java[close]:483) - Close InterpreterSetting: kylin
 INFO [2024-03-11 18:54:10,148] ({Thread-42} InterpreterSetting.java[close]:483) - Close InterpreterSetting: hbase
 INFO [2024-03-11 18:54:10,147] ({Thread-40} InterpreterSetting.java[close]:483) - Close InterpreterSetting: alluxio
 INFO [2024-03-11 18:54:10,147] ({Thread-36} InterpreterSetting.java[close]:483) - Close InterpreterSetting: md
 INFO [2024-03-11 18:54:10,179] ({Thread-47} InterpreterSetting.java[close]:483) - Close InterpreterSetting: groovy
 INFO [2024-03-11 18:54:10,179] ({Thread-56} InterpreterSetting.java[close]:483) - Close InterpreterSetting: kylin
 INFO [2024-03-11 18:54:10,179] ({Thread-55} InterpreterSetting.java[close]:483) - Close InterpreterSetting: hbase
 INFO [2024-03-11 18:54:10,179] ({Thread-54} InterpreterSetting.java[close]:483) - Close InterpreterSetting: bigquery
 INFO [2024-03-11 18:54:10,178] ({Thread-52} InterpreterSetting.java[close]:483) - Close InterpreterSetting: md
 INFO [2024-03-11 18:54:10,178] ({Thread-51} InterpreterSetting.java[close]:483) - Close InterpreterSetting: spark
 INFO [2024-03-11 18:54:10,178] ({Thread-50} InterpreterSetting.java[close]:483) - Close InterpreterSetting: cassandra
 INFO [2024-03-11 18:54:10,178] ({Thread-49} InterpreterSetting.java[close]:483) - Close InterpreterSetting: sh
 INFO [2024-03-11 18:54:10,178] ({Thread-48} InterpreterSetting.java[close]:483) - Close InterpreterSetting: elasticsearch
 INFO [2024-03-11 18:54:10,186] ({Thread-14} NotebookRepoSync.java[close]:428) - Closing all notebook storages
 INFO [2024-03-11 18:54:13,194] ({Thread-14} ZeppelinServer.java[run]:238) - Bye
