 WARN [2024-03-11 18:54:13,715] ({main} ZeppelinConfiguration.java[create]:117) - Failed to load configuration, proceeding with a default
 INFO [2024-03-11 18:54:13,733] ({main} ZeppelinConfiguration.java[create]:129) - Server Host: 0.0.0.0
 INFO [2024-03-11 18:54:13,733] ({main} ZeppelinConfiguration.java[create]:131) - Server Port: 8080
 INFO [2024-03-11 18:54:13,734] ({main} ZeppelinConfiguration.java[create]:135) - Context Path: /
 INFO [2024-03-11 18:54:13,736] ({main} ZeppelinConfiguration.java[create]:136) - Zeppelin Version: 0.8.0
 INFO [2024-03-11 18:54:13,749] ({main} Log.java[initialized]:186) - Logging initialized @212ms
 INFO [2024-03-11 18:54:13,787] ({main} ZeppelinServer.java[setupWebAppContext]:387) - ZeppelinServer Webapp path: /zeppelin/webapps
 INFO [2024-03-11 18:54:13,822] ({main} ZeppelinServer.java[main]:213) - Starting zeppelin server
 INFO [2024-03-11 18:54:13,823] ({main} Server.java[doStart]:327) - jetty-9.2.15.v20160210
 INFO [2024-03-11 18:54:14,920] ({main} StandardDescriptorProcessor.java[visitServlet]:297) - NO JSP Support for /, did not find org.eclipse.jetty.jsp.JettyJspServlet
 WARN [2024-03-11 18:54:14,942] ({main} ServletHolder.java[getNameOfJspClass]:923) - Unable to make identifier for jsp rest trying rest instead
 WARN [2024-03-11 18:54:15,113] ({main} ZeppelinConfiguration.java[getConfigFSDir]:527) - zeppelin.config.fs.dir is not specified, fall back to local conf directory zeppelin.conf.dir
 WARN [2024-03-11 18:54:15,114] ({main} ZeppelinConfiguration.java[getConfigFSDir]:527) - zeppelin.config.fs.dir is not specified, fall back to local conf directory zeppelin.conf.dir
 INFO [2024-03-11 18:54:15,153] ({main} InterpreterSettingManager.java[<init>]:163) - Using RecoveryStorage: org.apache.zeppelin.interpreter.recovery.NullRecoveryStorage
 INFO [2024-03-11 18:54:15,154] ({main} InterpreterSettingManager.java[<init>]:167) - Using LifecycleManager: org.apache.zeppelin.interpreter.lifecycle.NullLifecycleManager
 INFO [2024-03-11 18:54:15,167] ({main} InterpreterSettingManager.java[registerInterpreterSetting]:423) - Register InterpreterSettingTemplate: alluxio
 INFO [2024-03-11 18:54:15,170] ({main} InterpreterSettingManager.java[registerInterpreterSetting]:423) - Register InterpreterSettingTemplate: hbase
 WARN [2024-03-11 18:54:15,172] ({main} InterpreterSettingManager.java[init]:329) - No interpreter-setting.json found in /zeppelin/interpreter/lib
 INFO [2024-03-11 18:54:15,174] ({main} InterpreterSettingManager.java[registerInterpreterSetting]:423) - Register InterpreterSettingTemplate: bigquery
 INFO [2024-03-11 18:54:15,176] ({main} InterpreterSettingManager.java[registerInterpreterSetting]:423) - Register InterpreterSettingTemplate: angular
 INFO [2024-03-11 18:54:15,178] ({main} InterpreterSettingManager.java[registerInterpreterSetting]:423) - Register InterpreterSettingTemplate: ignite
 INFO [2024-03-11 18:54:15,180] ({main} InterpreterSettingManager.java[registerInterpreterSetting]:423) - Register InterpreterSettingTemplate: neo4j
 WARN [2024-03-11 18:54:15,220] ({main} InterpreterSettingManager.java[init]:329) - No interpreter-setting.json found in /zeppelin/interpreter/scio
 INFO [2024-03-11 18:54:15,223] ({main} InterpreterSettingManager.java[registerInterpreterSetting]:423) - Register InterpreterSettingTemplate: livy
 INFO [2024-03-11 18:54:15,224] ({main} InterpreterSettingManager.java[registerInterpreterSetting]:423) - Register InterpreterSettingTemplate: sap
 INFO [2024-03-11 18:54:15,225] ({main} InterpreterSettingManager.java[registerInterpreterSetting]:423) - Register InterpreterSettingTemplate: sh
 INFO [2024-03-11 18:54:15,227] ({main} InterpreterSettingManager.java[registerInterpreterSetting]:423) - Register InterpreterSettingTemplate: file
 INFO [2024-03-11 18:54:15,228] ({main} InterpreterSettingManager.java[registerInterpreterSetting]:423) - Register InterpreterSettingTemplate: pig
 INFO [2024-03-11 18:54:15,229] ({main} InterpreterSettingManager.java[registerInterpreterSetting]:423) - Register InterpreterSettingTemplate: flink
 INFO [2024-03-11 18:54:15,231] ({main} InterpreterSettingManager.java[registerInterpreterSetting]:423) - Register InterpreterSettingTemplate: groovy
 INFO [2024-03-11 18:54:15,232] ({main} InterpreterSettingManager.java[registerInterpreterSetting]:423) - Register InterpreterSettingTemplate: cassandra
 INFO [2024-03-11 18:54:15,233] ({main} InterpreterSettingManager.java[registerInterpreterSetting]:423) - Register InterpreterSettingTemplate: python
 WARN [2024-03-11 18:54:15,235] ({main} InterpreterSettingManager.java[init]:329) - No interpreter-setting.json found in /zeppelin/interpreter/${interpreter.name}
 INFO [2024-03-11 18:54:15,236] ({main} InterpreterSettingManager.java[registerInterpreterSetting]:423) - Register InterpreterSettingTemplate: lens
 INFO [2024-03-11 18:54:15,237] ({main} InterpreterSettingManager.java[registerInterpreterSetting]:423) - Register InterpreterSettingTemplate: kylin
 INFO [2024-03-11 18:54:15,238] ({main} InterpreterSettingManager.java[registerInterpreterSetting]:423) - Register InterpreterSettingTemplate: md
 INFO [2024-03-11 18:54:15,240] ({main} InterpreterSettingManager.java[registerInterpreterSetting]:423) - Register InterpreterSettingTemplate: jdbc
 INFO [2024-03-11 18:54:15,241] ({main} InterpreterSettingManager.java[registerInterpreterSetting]:423) - Register InterpreterSettingTemplate: spark
 INFO [2024-03-11 18:54:15,242] ({main} InterpreterSettingManager.java[registerInterpreterSetting]:423) - Register InterpreterSettingTemplate: elasticsearch
 INFO [2024-03-11 18:54:15,243] ({main} LocalConfigStorage.java[loadInterpreterSettings]:63) - Load Interpreter Setting from file: /zeppelin/conf/interpreter.json
 INFO [2024-03-11 18:54:15,264] ({main} InterpreterSettingManager.java[loadFromFile]:277) - Create Interpreter Setting ignite from interpreter.json
 INFO [2024-03-11 18:54:15,265] ({main} InterpreterSettingManager.java[loadFromFile]:277) - Create Interpreter Setting python from interpreter.json
 INFO [2024-03-11 18:54:15,265] ({main} InterpreterSettingManager.java[loadFromFile]:277) - Create Interpreter Setting sap from interpreter.json
 INFO [2024-03-11 18:54:15,266] ({main} InterpreterSettingManager.java[loadFromFile]:277) - Create Interpreter Setting jdbc from interpreter.json
 INFO [2024-03-11 18:54:15,266] ({main} InterpreterSettingManager.java[loadFromFile]:277) - Create Interpreter Setting lens from interpreter.json
 INFO [2024-03-11 18:54:15,267] ({main} InterpreterSettingManager.java[loadFromFile]:277) - Create Interpreter Setting pig from interpreter.json
 INFO [2024-03-11 18:54:15,267] ({main} InterpreterSettingManager.java[loadFromFile]:277) - Create Interpreter Setting flink from interpreter.json
 INFO [2024-03-11 18:54:15,267] ({main} InterpreterSettingManager.java[loadFromFile]:277) - Create Interpreter Setting angular from interpreter.json
 INFO [2024-03-11 18:54:15,268] ({main} InterpreterSettingManager.java[loadFromFile]:277) - Create Interpreter Setting livy from interpreter.json
 INFO [2024-03-11 18:54:15,269] ({main} InterpreterSettingManager.java[loadFromFile]:277) - Create Interpreter Setting neo4j from interpreter.json
 INFO [2024-03-11 18:54:15,269] ({main} InterpreterSettingManager.java[loadFromFile]:277) - Create Interpreter Setting file from interpreter.json
 INFO [2024-03-11 18:54:15,269] ({main} InterpreterSettingManager.java[loadFromFile]:277) - Create Interpreter Setting groovy from interpreter.json
 INFO [2024-03-11 18:54:15,270] ({main} InterpreterSettingManager.java[loadFromFile]:277) - Create Interpreter Setting elasticsearch from interpreter.json
 INFO [2024-03-11 18:54:15,270] ({main} InterpreterSettingManager.java[loadFromFile]:277) - Create Interpreter Setting sh from interpreter.json
 INFO [2024-03-11 18:54:15,271] ({main} InterpreterSettingManager.java[loadFromFile]:277) - Create Interpreter Setting cassandra from interpreter.json
 INFO [2024-03-11 18:54:15,271] ({main} InterpreterSettingManager.java[loadFromFile]:277) - Create Interpreter Setting spark from interpreter.json
 INFO [2024-03-11 18:54:15,272] ({main} InterpreterSettingManager.java[loadFromFile]:277) - Create Interpreter Setting md from interpreter.json
 INFO [2024-03-11 18:54:15,272] ({main} InterpreterSettingManager.java[loadFromFile]:277) - Create Interpreter Setting alluxio from interpreter.json
 INFO [2024-03-11 18:54:15,272] ({main} InterpreterSettingManager.java[loadFromFile]:277) - Create Interpreter Setting bigquery from interpreter.json
 INFO [2024-03-11 18:54:15,272] ({main} InterpreterSettingManager.java[loadFromFile]:277) - Create Interpreter Setting hbase from interpreter.json
 INFO [2024-03-11 18:54:15,273] ({main} InterpreterSettingManager.java[loadFromFile]:277) - Create Interpreter Setting kylin from interpreter.json
 INFO [2024-03-11 18:54:15,282] ({main} LocalConfigStorage.java[save]:53) - Save Interpreter Setting to /zeppelin/conf/interpreter.json
 INFO [2024-03-11 18:54:15,351] ({main} VfsLog.java[info]:138) - Using "/tmp/vfs_cache" as temporary files store.
 INFO [2024-03-11 18:54:15,376] ({main} GitNotebookRepo.java[<init>]:64) - Opening a git repo at '/zeppelin/notebook'
 INFO [2024-03-11 18:54:15,413] ({main} GitNotebookRepo.java[<init>]:67) - Git repo /zeppelin/notebook/.git does not exist, creating a new one
 INFO [2024-03-11 18:54:15,434] ({main} NotebookRepoSync.java[<init>]:77) - Instantiate NotebookRepo: org.apache.zeppelin.notebook.repo.GitNotebookRepo
 WARN [2024-03-11 18:54:15,513] ({main} NotebookAuthorization.java[getInstance]:86) - Notebook authorization module was called without initialization, initializing with default configuration
 WARN [2024-03-11 18:54:15,514] ({main} LocalConfigStorage.java[loadNotebookAuthorization]:77) - NotebookAuthorization file /zeppelin/conf/notebook-authorization.json is not existed
 INFO [2024-03-11 18:54:15,515] ({main} Credentials.java[loadFromFile]:121) - /zeppelin/conf/credentials.json
 INFO [2024-03-11 18:54:15,532] ({main} StdSchedulerFactory.java[instantiate]:1184) - Using default implementation for ThreadExecutor
 INFO [2024-03-11 18:54:15,534] ({main} SimpleThreadPool.java[initialize]:268) - Job execution threads will use class loader of thread: main
 INFO [2024-03-11 18:54:15,541] ({main} SchedulerSignalerImpl.java[<init>]:61) - Initialized Scheduler Signaller of type: class org.quartz.core.SchedulerSignalerImpl
 INFO [2024-03-11 18:54:15,541] ({main} QuartzScheduler.java[<init>]:240) - Quartz Scheduler v.2.2.1 created.
 INFO [2024-03-11 18:54:15,542] ({main} RAMJobStore.java[initialize]:155) - RAMJobStore initialized.
 INFO [2024-03-11 18:54:15,542] ({main} QuartzScheduler.java[initialize]:305) - Scheduler meta-data: Quartz Scheduler (v2.2.1) 'DefaultQuartzScheduler' with instanceId 'NON_CLUSTERED'
  Scheduler class: 'org.quartz.core.QuartzScheduler' - running locally.
  NOT STARTED.
  Currently in standby mode.
  Number of jobs executed: 0
  Using thread pool 'org.quartz.simpl.SimpleThreadPool' - with 10 threads.
  Using job-store 'org.quartz.simpl.RAMJobStore' - which does not support persistence. and is not clustered.

 INFO [2024-03-11 18:54:15,543] ({main} StdSchedulerFactory.java[instantiate]:1339) - Quartz scheduler 'DefaultQuartzScheduler' initialized from default resource file in Quartz package: 'quartz.properties'
 INFO [2024-03-11 18:54:15,543] ({main} StdSchedulerFactory.java[instantiate]:1343) - Quartz scheduler version: 2.2.1
 INFO [2024-03-11 18:54:15,543] ({main} QuartzScheduler.java[start]:575) - Scheduler DefaultQuartzScheduler_$_NON_CLUSTERED started.
 INFO [2024-03-11 18:54:15,544] ({main} Notebook.java[<init>]:126) - Notebook indexing started...
 INFO [2024-03-11 18:54:15,551] ({main} LuceneSearch.java[addIndexDocs]:305) - Indexing 0 notebooks took 6ms
 INFO [2024-03-11 18:54:15,551] ({main} Notebook.java[<init>]:128) - Notebook indexing finished: 0 indexed in 0s
 INFO [2024-03-11 18:54:15,552] ({main} Helium.java[loadConf]:103) - Add helium local registry /zeppelin/helium
 INFO [2024-03-11 18:54:15,553] ({main} Helium.java[loadConf]:100) - Add helium online registry https://s3.amazonaws.com/helium-package/helium.json
 WARN [2024-03-11 18:54:15,555] ({main} Helium.java[loadConf]:111) - /zeppelin/conf/helium.json does not exists
ERROR [2024-03-11 18:54:16,516] ({main} HeliumOnlineRegistry.java[getAll]:86) - https://s3.amazonaws.com/helium-package/helium.json returned HTTP/1.1 403 Forbidden
 INFO [2024-03-11 18:54:16,880] ({main} ContextHandler.java[doStart]:744) - Started o.e.j.w.WebAppContext@76b10754{/,file:/zeppelin/webapps/webapp/,AVAILABLE}{/zeppelin/zeppelin-web-0.8.0.war}
 INFO [2024-03-11 18:54:16,886] ({main} AbstractConnector.java[doStart]:266) - Started ServerConnector@72456279{HTTP/1.1}{0.0.0.0:8080}
 INFO [2024-03-11 18:54:16,887] ({main} Server.java[doStart]:379) - Started @3353ms
 INFO [2024-03-11 18:54:16,887] ({main} ZeppelinServer.java[main]:223) - Done, zeppelin server started
 INFO [2024-03-11 19:25:44,664] ({Thread-35} ZeppelinServer.java[run]:227) - Shutting down Zeppelin Server ... 
 INFO [2024-03-11 19:25:44,676] ({Thread-35} AbstractConnector.java[doStop]:306) - Stopped ServerConnector@72456279{HTTP/1.1}{0.0.0.0:8080}
 INFO [2024-03-11 19:25:44,695] ({Thread-35} ContextHandler.java[doStop]:865) - Stopped o.e.j.w.WebAppContext@76b10754{/,file:/zeppelin/webapps/webapp/,UNAVAILABLE}{/zeppelin/zeppelin-web-0.8.0.war}
 INFO [2024-03-11 19:25:45,025] ({Thread-36} InterpreterSetting.java[close]:483) - Close InterpreterSetting: ignite
 INFO [2024-03-11 19:25:45,025] ({Thread-39} InterpreterSetting.java[close]:483) - Close InterpreterSetting: sap
 INFO [2024-03-11 19:25:45,025] ({Thread-40} InterpreterSetting.java[close]:483) - Close InterpreterSetting: python
 INFO [2024-03-11 19:25:45,025] ({Thread-37} InterpreterSetting.java[close]:483) - Close InterpreterSetting: ignite
 INFO [2024-03-11 19:25:45,026] ({Thread-49} InterpreterSetting.java[close]:483) - Close InterpreterSetting: neo4j
 INFO [2024-03-11 19:25:45,025] ({Thread-38} InterpreterSetting.java[close]:483) - Close InterpreterSetting: python
 INFO [2024-03-11 19:25:45,027] ({Thread-56} InterpreterSetting.java[close]:483) - Close InterpreterSetting: md
 INFO [2024-03-11 19:25:45,027] ({Thread-55} InterpreterSetting.java[close]:483) - Close InterpreterSetting: spark
 INFO [2024-03-11 19:25:45,026] ({Thread-52} InterpreterSetting.java[close]:483) - Close InterpreterSetting: elasticsearch
 INFO [2024-03-11 19:25:45,028] ({Thread-63} InterpreterSetting.java[close]:483) - Close InterpreterSetting: flink
 INFO [2024-03-11 19:25:45,028] ({Thread-64} InterpreterSetting.java[close]:483) - Close InterpreterSetting: angular
 INFO [2024-03-11 19:25:45,026] ({Thread-54} InterpreterSetting.java[close]:483) - Close InterpreterSetting: cassandra
 INFO [2024-03-11 19:25:45,029] ({Thread-69} InterpreterSetting.java[close]:483) - Close InterpreterSetting: elasticsearch
 INFO [2024-03-11 19:25:45,026] ({Thread-53} InterpreterSetting.java[close]:483) - Close InterpreterSetting: sh
 INFO [2024-03-11 19:25:45,026] ({Thread-51} InterpreterSetting.java[close]:483) - Close InterpreterSetting: groovy
 INFO [2024-03-11 19:25:45,026] ({Thread-50} InterpreterSetting.java[close]:483) - Close InterpreterSetting: file
 INFO [2024-03-11 19:25:45,026] ({Thread-48} InterpreterSetting.java[close]:483) - Close InterpreterSetting: livy
 INFO [2024-03-11 19:25:45,026] ({Thread-47} InterpreterSetting.java[close]:483) - Close InterpreterSetting: angular
 INFO [2024-03-11 19:25:45,026] ({Thread-46} InterpreterSetting.java[close]:483) - Close InterpreterSetting: flink
 INFO [2024-03-11 19:25:45,026] ({Thread-41} InterpreterSetting.java[close]:483) - Close InterpreterSetting: sap
 INFO [2024-03-11 19:25:45,026] ({Thread-45} InterpreterSetting.java[close]:483) - Close InterpreterSetting: pig
 INFO [2024-03-11 19:25:45,025] ({Thread-43} InterpreterSetting.java[close]:483) - Close InterpreterSetting: lens
 INFO [2024-03-11 19:25:45,025] ({Thread-42} InterpreterSetting.java[close]:483) - Close InterpreterSetting: jdbc
 INFO [2024-03-11 19:25:45,030] ({Thread-77} InterpreterSetting.java[close]:483) - Close InterpreterSetting: kylin
 INFO [2024-03-11 19:25:45,029] ({Thread-76} InterpreterSetting.java[close]:483) - Close InterpreterSetting: hbase
 INFO [2024-03-11 19:25:45,029] ({Thread-75} InterpreterSetting.java[close]:483) - Close InterpreterSetting: bigquery
 INFO [2024-03-11 19:25:45,029] ({Thread-74} InterpreterSetting.java[close]:483) - Close InterpreterSetting: alluxio
 INFO [2024-03-11 19:25:45,029] ({Thread-72} InterpreterSetting.java[close]:483) - Close InterpreterSetting: spark
 INFO [2024-03-11 19:25:45,029] ({Thread-73} InterpreterSetting.java[close]:483) - Close InterpreterSetting: md
 INFO [2024-03-11 19:25:45,029] ({Thread-71} InterpreterSetting.java[close]:483) - Close InterpreterSetting: cassandra
 INFO [2024-03-11 19:25:45,029] ({Thread-70} InterpreterSetting.java[close]:483) - Close InterpreterSetting: sh
 INFO [2024-03-11 19:25:45,029] ({Thread-67} InterpreterSetting.java[close]:483) - Close InterpreterSetting: file
 INFO [2024-03-11 19:25:45,028] ({Thread-68} InterpreterSetting.java[close]:483) - Close InterpreterSetting: groovy
 INFO [2024-03-11 19:25:45,028] ({Thread-66} InterpreterSetting.java[close]:483) - Close InterpreterSetting: neo4j
 INFO [2024-03-11 19:25:45,028] ({Thread-65} InterpreterSetting.java[close]:483) - Close InterpreterSetting: livy
 INFO [2024-03-11 19:25:45,028] ({Thread-62} InterpreterSetting.java[close]:483) - Close InterpreterSetting: pig
 INFO [2024-03-11 19:25:45,028] ({Thread-61} InterpreterSetting.java[close]:483) - Close InterpreterSetting: lens
 INFO [2024-03-11 19:25:45,027] ({Thread-44} InterpreterSetting.java[close]:483) - Close InterpreterSetting: jdbc
 INFO [2024-03-11 19:25:45,027] ({Thread-58} InterpreterSetting.java[close]:483) - Close InterpreterSetting: bigquery
 INFO [2024-03-11 19:25:45,027] ({Thread-60} InterpreterSetting.java[close]:483) - Close InterpreterSetting: kylin
 INFO [2024-03-11 19:25:45,027] ({Thread-57} InterpreterSetting.java[close]:483) - Close InterpreterSetting: alluxio
 INFO [2024-03-11 19:25:45,027] ({Thread-59} InterpreterSetting.java[close]:483) - Close InterpreterSetting: hbase
 INFO [2024-03-11 19:25:45,033] ({Thread-35} NotebookRepoSync.java[close]:428) - Closing all notebook storages
 INFO [2024-03-11 19:25:48,041] ({Thread-35} ZeppelinServer.java[run]:238) - Bye
