 WARN [2024-03-11 11:27:02,173] ({main} ZeppelinConfiguration.java[create]:117) - Failed to load configuration, proceeding with a default
 INFO [2024-03-11 11:27:02,189] ({main} ZeppelinConfiguration.java[create]:129) - Server Host: 0.0.0.0
 INFO [2024-03-11 11:27:02,189] ({main} ZeppelinConfiguration.java[create]:131) - Server Port: 8080
 INFO [2024-03-11 11:27:02,189] ({main} ZeppelinConfiguration.java[create]:135) - Context Path: /
 INFO [2024-03-11 11:27:02,191] ({main} ZeppelinConfiguration.java[create]:136) - Zeppelin Version: 0.8.0
 INFO [2024-03-11 11:27:02,200] ({main} Log.java[initialized]:186) - Logging initialized @158ms
 INFO [2024-03-11 11:27:02,232] ({main} ZeppelinServer.java[setupWebAppContext]:387) - ZeppelinServer Webapp path: /zeppelin/webapps
 INFO [2024-03-11 11:27:02,262] ({main} ZeppelinServer.java[main]:213) - Starting zeppelin server
 INFO [2024-03-11 11:27:02,264] ({main} Server.java[doStart]:327) - jetty-9.2.15.v20160210
 INFO [2024-03-11 11:27:03,111] ({main} StandardDescriptorProcessor.java[visitServlet]:297) - NO JSP Support for /, did not find org.eclipse.jetty.jsp.JettyJspServlet
 WARN [2024-03-11 11:27:03,131] ({main} ServletHolder.java[getNameOfJspClass]:923) - Unable to make identifier for jsp rest trying rest instead
 WARN [2024-03-11 11:27:03,286] ({main} ZeppelinConfiguration.java[getConfigFSDir]:527) - zeppelin.config.fs.dir is not specified, fall back to local conf directory zeppelin.conf.dir
 WARN [2024-03-11 11:27:03,286] ({main} ZeppelinConfiguration.java[getConfigFSDir]:527) - zeppelin.config.fs.dir is not specified, fall back to local conf directory zeppelin.conf.dir
 INFO [2024-03-11 11:27:03,321] ({main} InterpreterSettingManager.java[<init>]:163) - Using RecoveryStorage: org.apache.zeppelin.interpreter.recovery.NullRecoveryStorage
 INFO [2024-03-11 11:27:03,322] ({main} InterpreterSettingManager.java[<init>]:167) - Using LifecycleManager: org.apache.zeppelin.interpreter.lifecycle.NullLifecycleManager
 INFO [2024-03-11 11:27:03,335] ({main} InterpreterSettingManager.java[registerInterpreterSetting]:423) - Register InterpreterSettingTemplate: alluxio
 INFO [2024-03-11 11:27:03,337] ({main} InterpreterSettingManager.java[registerInterpreterSetting]:423) - Register InterpreterSettingTemplate: hbase
 WARN [2024-03-11 11:27:03,339] ({main} InterpreterSettingManager.java[init]:329) - No interpreter-setting.json found in /zeppelin/interpreter/lib
 INFO [2024-03-11 11:27:03,341] ({main} InterpreterSettingManager.java[registerInterpreterSetting]:423) - Register InterpreterSettingTemplate: bigquery
 INFO [2024-03-11 11:27:03,343] ({main} InterpreterSettingManager.java[registerInterpreterSetting]:423) - Register InterpreterSettingTemplate: angular
 INFO [2024-03-11 11:27:03,345] ({main} InterpreterSettingManager.java[registerInterpreterSetting]:423) - Register InterpreterSettingTemplate: ignite
 INFO [2024-03-11 11:27:03,347] ({main} InterpreterSettingManager.java[registerInterpreterSetting]:423) - Register InterpreterSettingTemplate: neo4j
 WARN [2024-03-11 11:27:03,382] ({main} InterpreterSettingManager.java[init]:329) - No interpreter-setting.json found in /zeppelin/interpreter/scio
 INFO [2024-03-11 11:27:03,385] ({main} InterpreterSettingManager.java[registerInterpreterSetting]:423) - Register InterpreterSettingTemplate: livy
 INFO [2024-03-11 11:27:03,386] ({main} InterpreterSettingManager.java[registerInterpreterSetting]:423) - Register InterpreterSettingTemplate: sap
 INFO [2024-03-11 11:27:03,387] ({main} InterpreterSettingManager.java[registerInterpreterSetting]:423) - Register InterpreterSettingTemplate: sh
 INFO [2024-03-11 11:27:03,388] ({main} InterpreterSettingManager.java[registerInterpreterSetting]:423) - Register InterpreterSettingTemplate: file
 INFO [2024-03-11 11:27:03,390] ({main} InterpreterSettingManager.java[registerInterpreterSetting]:423) - Register InterpreterSettingTemplate: pig
 INFO [2024-03-11 11:27:03,391] ({main} InterpreterSettingManager.java[registerInterpreterSetting]:423) - Register InterpreterSettingTemplate: flink
 INFO [2024-03-11 11:27:03,392] ({main} InterpreterSettingManager.java[registerInterpreterSetting]:423) - Register InterpreterSettingTemplate: groovy
 INFO [2024-03-11 11:27:03,394] ({main} InterpreterSettingManager.java[registerInterpreterSetting]:423) - Register InterpreterSettingTemplate: cassandra
 INFO [2024-03-11 11:27:03,395] ({main} InterpreterSettingManager.java[registerInterpreterSetting]:423) - Register InterpreterSettingTemplate: python
 WARN [2024-03-11 11:27:03,397] ({main} InterpreterSettingManager.java[init]:329) - No interpreter-setting.json found in /zeppelin/interpreter/${interpreter.name}
 INFO [2024-03-11 11:27:03,398] ({main} InterpreterSettingManager.java[registerInterpreterSetting]:423) - Register InterpreterSettingTemplate: lens
 INFO [2024-03-11 11:27:03,398] ({main} InterpreterSettingManager.java[registerInterpreterSetting]:423) - Register InterpreterSettingTemplate: kylin
 INFO [2024-03-11 11:27:03,399] ({main} InterpreterSettingManager.java[registerInterpreterSetting]:423) - Register InterpreterSettingTemplate: md
 INFO [2024-03-11 11:27:03,400] ({main} InterpreterSettingManager.java[registerInterpreterSetting]:423) - Register InterpreterSettingTemplate: jdbc
 INFO [2024-03-11 11:27:03,401] ({main} InterpreterSettingManager.java[registerInterpreterSetting]:423) - Register InterpreterSettingTemplate: spark
 INFO [2024-03-11 11:27:03,402] ({main} InterpreterSettingManager.java[registerInterpreterSetting]:423) - Register InterpreterSettingTemplate: elasticsearch
 WARN [2024-03-11 11:27:03,402] ({main} LocalConfigStorage.java[loadInterpreterSettings]:60) - Interpreter Setting file /zeppelin/conf/interpreter.json is not existed
 INFO [2024-03-11 11:27:03,414] ({main} LocalConfigStorage.java[save]:53) - Save Interpreter Setting to /zeppelin/conf/interpreter.json
 INFO [2024-03-11 11:27:03,478] ({main} VfsLog.java[info]:138) - Using "/tmp/vfs_cache" as temporary files store.
 INFO [2024-03-11 11:27:03,500] ({main} GitNotebookRepo.java[<init>]:64) - Opening a git repo at '/zeppelin/notebook'
 INFO [2024-03-11 11:27:03,539] ({main} GitNotebookRepo.java[<init>]:67) - Git repo /zeppelin/notebook/.git does not exist, creating a new one
 INFO [2024-03-11 11:27:03,561] ({main} NotebookRepoSync.java[<init>]:77) - Instantiate NotebookRepo: org.apache.zeppelin.notebook.repo.GitNotebookRepo
 WARN [2024-03-11 11:27:03,633] ({main} NotebookAuthorization.java[getInstance]:86) - Notebook authorization module was called without initialization, initializing with default configuration
 WARN [2024-03-11 11:27:03,634] ({main} LocalConfigStorage.java[loadNotebookAuthorization]:77) - NotebookAuthorization file /zeppelin/conf/notebook-authorization.json is not existed
 INFO [2024-03-11 11:27:03,634] ({main} Credentials.java[loadFromFile]:121) - /zeppelin/conf/credentials.json
 INFO [2024-03-11 11:27:03,650] ({main} StdSchedulerFactory.java[instantiate]:1184) - Using default implementation for ThreadExecutor
 INFO [2024-03-11 11:27:03,652] ({main} SimpleThreadPool.java[initialize]:268) - Job execution threads will use class loader of thread: main
 INFO [2024-03-11 11:27:03,659] ({main} SchedulerSignalerImpl.java[<init>]:61) - Initialized Scheduler Signaller of type: class org.quartz.core.SchedulerSignalerImpl
 INFO [2024-03-11 11:27:03,660] ({main} QuartzScheduler.java[<init>]:240) - Quartz Scheduler v.2.2.1 created.
 INFO [2024-03-11 11:27:03,660] ({main} RAMJobStore.java[initialize]:155) - RAMJobStore initialized.
 INFO [2024-03-11 11:27:03,661] ({main} QuartzScheduler.java[initialize]:305) - Scheduler meta-data: Quartz Scheduler (v2.2.1) 'DefaultQuartzScheduler' with instanceId 'NON_CLUSTERED'
  Scheduler class: 'org.quartz.core.QuartzScheduler' - running locally.
  NOT STARTED.
  Currently in standby mode.
  Number of jobs executed: 0
  Using thread pool 'org.quartz.simpl.SimpleThreadPool' - with 10 threads.
  Using job-store 'org.quartz.simpl.RAMJobStore' - which does not support persistence. and is not clustered.

 INFO [2024-03-11 11:27:03,661] ({main} StdSchedulerFactory.java[instantiate]:1339) - Quartz scheduler 'DefaultQuartzScheduler' initialized from default resource file in Quartz package: 'quartz.properties'
 INFO [2024-03-11 11:27:03,662] ({main} StdSchedulerFactory.java[instantiate]:1343) - Quartz scheduler version: 2.2.1
 INFO [2024-03-11 11:27:03,662] ({main} QuartzScheduler.java[start]:575) - Scheduler DefaultQuartzScheduler_$_NON_CLUSTERED started.
 INFO [2024-03-11 11:27:03,663] ({main} Notebook.java[<init>]:126) - Notebook indexing started...
 INFO [2024-03-11 11:27:03,669] ({main} LuceneSearch.java[addIndexDocs]:305) - Indexing 0 notebooks took 5ms
 INFO [2024-03-11 11:27:03,669] ({main} Notebook.java[<init>]:128) - Notebook indexing finished: 0 indexed in 0s
 INFO [2024-03-11 11:27:03,671] ({main} Helium.java[loadConf]:103) - Add helium local registry /zeppelin/helium
 INFO [2024-03-11 11:27:03,671] ({main} Helium.java[loadConf]:100) - Add helium online registry https://s3.amazonaws.com/helium-package/helium.json
 WARN [2024-03-11 11:27:03,673] ({main} Helium.java[loadConf]:111) - /zeppelin/conf/helium.json does not exists
ERROR [2024-03-11 11:27:04,665] ({main} HeliumOnlineRegistry.java[getAll]:86) - https://s3.amazonaws.com/helium-package/helium.json returned HTTP/1.1 403 Forbidden
 INFO [2024-03-11 11:27:04,988] ({main} ContextHandler.java[doStart]:744) - Started o.e.j.w.WebAppContext@76b10754{/,file:/zeppelin/webapps/webapp/,AVAILABLE}{/zeppelin/zeppelin-web-0.8.0.war}
 INFO [2024-03-11 11:27:04,992] ({main} AbstractConnector.java[doStart]:266) - Started ServerConnector@199bc830{HTTP/1.1}{0.0.0.0:8080}
 INFO [2024-03-11 11:27:04,993] ({main} Server.java[doStart]:379) - Started @2953ms
 INFO [2024-03-11 11:27:04,993] ({main} ZeppelinServer.java[main]:223) - Done, zeppelin server started
